<?xml version="1.0" encoding="UTF-8"?><testsuite errors="0" failures="2" name="Get Single Guru" skipped="0" tests="3" time="10.39" timestamp="2023-02-03 08:56:45"><testcase name="Get single data guru with valid id"/><testcase name="Get single data guru with unregister id"><failure message="1 expectation failed.&#10;Expected status code &lt;404&gt; but was &lt;200&gt;.&#10;" type="java.lang.AssertionError">1 expectation failed.
Expected status code &lt;404&gt; but was &lt;200&gt;.
</failure><system-err>1 expectation failed.
Expected status code &lt;404&gt; but was &lt;200&gt;.

io.restassured.internal.ResponseSpecificationImpl.validateResponseIfRequired(ResponseSpecificationImpl.groovy:674)
io.restassured.internal.ResponseSpecificationImpl.statusCode(ResponseSpecificationImpl.groovy:126)
io.restassured.internal.ResponseSpecificationImpl.statusCode(ResponseSpecificationImpl.groovy:134)
io.restassured.internal.ValidatableResponseOptionsImpl.statusCode(ValidatableResponseOptionsImpl.java:89)
io.restassured.internal.ValidatableResponseImpl.super$2$statusCode(ValidatableResponseImpl.groovy)
groovy.lang.MetaMethod.doMethodInvoke(MetaMethod.java:323)
groovy.lang.MetaClassImpl.invokeMethod(MetaClassImpl.java:1267)
io.restassured.internal.ValidatableResponseImpl.statusCode(ValidatableResponseImpl.groovy:142)
io.restassured.internal.ValidatableResponseImpl.statusCode(ValidatableResponseImpl.groovy)
starter.GuruMu.StepDef.GeneralStepDef.shouldReturnStatusCode(GeneralStepDef.java:14)
✽.Should return status code 404(classpath:features//guru/GetSingleGuru.feature:13)
</system-err></testcase><testcase name="Get single data guru with special char as id"><failure message="1 expectation failed.&#10;Expected status code &lt;404&gt; but was &lt;200&gt;.&#10;" type="java.lang.AssertionError">1 expectation failed.
Expected status code &lt;404&gt; but was &lt;200&gt;.
</failure><system-err>1 expectation failed.
Expected status code &lt;404&gt; but was &lt;200&gt;.

io.restassured.internal.ResponseSpecificationImpl.validateResponseIfRequired(ResponseSpecificationImpl.groovy:674)
io.restassured.internal.ResponseSpecificationImpl.statusCode(ResponseSpecificationImpl.groovy:126)
io.restassured.internal.ResponseSpecificationImpl.statusCode(ResponseSpecificationImpl.groovy:134)
io.restassured.internal.ValidatableResponseOptionsImpl.statusCode(ValidatableResponseOptionsImpl.java:89)
io.restassured.internal.ValidatableResponseImpl.super$2$statusCode(ValidatableResponseImpl.groovy)
groovy.lang.MetaMethod.doMethodInvoke(MetaMethod.java:323)
groovy.lang.MetaClassImpl.invokeMethod(MetaClassImpl.java:1267)
io.restassured.internal.ValidatableResponseImpl.statusCode(ValidatableResponseImpl.groovy:142)
io.restassured.internal.ValidatableResponseImpl.statusCode(ValidatableResponseImpl.groovy)
starter.GuruMu.StepDef.GeneralStepDef.shouldReturnStatusCode(GeneralStepDef.java:14)
✽.Should return status code 404(classpath:features//guru/GetSingleGuru.feature:19)
</system-err></testcase></testsuite>